# JRE version: OpenJDK Runtime Environment (8.0_152-b01) (build 1.8.0_152-release-915-b01)
# Java VM: OpenJDK 64-Bit Server VM (25.152-b01 mixed mode linux-amd64 compressed oops)
Heap:
 PSYoungGen      total 349184K, used 24044K [0x00000000e0000000, 0x00000000f7000000, 0x0000000100000000)
  eden space 325120K, 0% used [0x00000000e0000000,0x00000000e0000000,0x00000000f3d80000)
  from space 24064K, 99% used [0x00000000f3d80000,0x00000000f54fb108,0x00000000f5500000)
  to   space 20480K, 0% used [0x00000000f5500000,0x00000000f5500000,0x00000000f6900000)
 ParOldGen       total 121856K, used 41247K [0x00000000a0000000, 0x00000000a7700000, 0x00000000e0000000)
  object space 121856K, 33% used [0x00000000a0000000,0x00000000a2847f18,0x00000000a7700000)
 Metaspace       used 68192K, capacity 71128K, committed 71384K, reserved 1112064K
  class space    used 9018K, capacity 9725K, committed 9728K, reserved 1048576K
GC Heap History (10 events):
Event: 5.480 GC heap after
Heap after GC invocations=7 (full 1):
 PSYoungGen      total 216576K, used 9631K [0x00000000e0000000, 0x00000000ee680000, 0x0000000100000000)
  eden space 206336K, 0% used [0x00000000e0000000,0x00000000e0000000,0x00000000ec980000)
  from space 10240K, 94% used [0x00000000edc80000,0x00000000ee5e7ff0,0x00000000ee680000)
  to   space 14848K, 0% used [0x00000000ec980000,0x00000000ec980000,0x00000000ed800000)
 ParOldGen       total 56832K, used 14641K [0x00000000a0000000, 0x00000000a3780000, 0x00000000e0000000)
  object space 56832K, 25% used [0x00000000a0000000,0x00000000a0e4c428,0x00000000a3780000)
 Metaspace       used 34513K, capacity 35278K, committed 35416K, reserved 1079296K
  class space    used 4615K, capacity 4922K, committed 4992K, reserved 1048576K
}
Event: 5.480 GC heap before
{Heap before GC invocations=8 (full 2):
 PSYoungGen      total 216576K, used 9631K [0x00000000e0000000, 0x00000000ee680000, 0x0000000100000000)
  eden space 206336K, 0% used [0x00000000e0000000,0x00000000e0000000,0x00000000ec980000)
  from space 10240K, 94% used [0x00000000edc80000,0x00000000ee5e7ff0,0x00000000ee680000)
  to   space 14848K, 0% used [0x00000000ec980000,0x00000000ec980000,0x00000000ed800000)
 ParOldGen       total 56832K, used 14641K [0x00000000a0000000, 0x00000000a3780000, 0x00000000e0000000)
  object space 56832K, 25% used [0x00000000a0000000,0x00000000a0e4c428,0x00000000a3780000)
 Metaspace       used 34513K, capacity 35278K, committed 35416K, reserved 1079296K
  class space    used 4615K, capacity 4922K, committed 4992K, reserved 1048576K
Event: 5.530 GC heap after
Heap after GC invocations=8 (full 2):
 PSYoungGen      total 216576K, used 0K [0x00000000e0000000, 0x00000000ee680000, 0x0000000100000000)
  eden space 206336K, 0% used [0x00000000e0000000,0x00000000e0000000,0x00000000ec980000)
  from space 10240K, 0% used [0x00000000edc80000,0x00000000edc80000,0x00000000ee680000)
  to   space 14848K, 0% used [0x00000000ec980000,0x00000000ec980000,0x00000000ed800000)
 ParOldGen       total 84480K, used 16896K [0x00000000a0000000, 0x00000000a5280000, 0x00000000e0000000)
  object space 84480K, 20% used [0x00000000a0000000,0x00000000a10803b8,0x00000000a5280000)
 Metaspace       used 34462K, capacity 35146K, committed 35416K, reserved 1079296K
  class space    used 4601K, capacity 4878K, committed 4992K, reserved 1048576K
}
Event: 8.172 GC heap before
{Heap before GC invocations=9 (full 2):
 PSYoungGen      total 216576K, used 206336K [0x00000000e0000000, 0x00000000ee680000, 0x0000000100000000)
  eden space 206336K, 100% used [0x00000000e0000000,0x00000000ec980000,0x00000000ec980000)
  from space 10240K, 0% used [0x00000000edc80000,0x00000000edc80000,0x00000000ee680000)
  to   space 14848K, 0% used [0x00000000ec980000,0x00000000ec980000,0x00000000ed800000)
 ParOldGen       total 84480K, used 16896K [0x00000000a0000000, 0x00000000a5280000, 0x00000000e0000000)
  object space 84480K, 20% used [0x00000000a0000000,0x00000000a10803b8,0x00000000a5280000)
 Metaspace       used 51536K, capacity 52816K, committed 52952K, reserved 1095680K
  class space    used 6770K, capacity 7154K, committed 7168K, reserved 1048576K
Event: 8.202 GC heap after
Heap after GC invocations=9 (full 2):
 PSYoungGen      total 221184K, used 14829K [0x00000000e0000000, 0x00000000f6900000, 0x0000000100000000)
  eden space 206336K, 0% used [0x00000000e0000000,0x00000000e0000000,0x00000000ec980000)
  from space 14848K, 99% used [0x00000000ec980000,0x00000000ed7fb710,0x00000000ed800000)
  to   space 20480K, 0% used [0x00000000f5500000,0x00000000f5500000,0x00000000f6900000)
 ParOldGen       total 84480K, used 23274K [0x00000000a0000000, 0x00000000a5280000, 0x00000000e0000000)
  object space 84480K, 27% used [0x00000000a0000000,0x00000000a16ba9d0,0x00000000a5280000)
 Metaspace       used 51536K, capacity 52816K, committed 52952K, reserved 1095680K
  class space    used 6770K, capacity 7154K, committed 7168K, reserved 1048576K
}
Event: 9.184 GC heap before
{Heap before GC invocations=10 (full 2):
 PSYoungGen      total 221184K, used 108485K [0x00000000e0000000, 0x00000000f6900000, 0x0000000100000000)
  eden space 206336K, 45% used [0x00000000e0000000,0x00000000e5b75e20,0x00000000ec980000)
  from space 14848K, 99% used [0x00000000ec980000,0x00000000ed7fb710,0x00000000ed800000)
  to   space 20480K, 0% used [0x00000000f5500000,0x00000000f5500000,0x00000000f6900000)
 ParOldGen       total 84480K, used 23274K [0x00000000a0000000, 0x00000000a5280000, 0x00000000e0000000)
  object space 84480K, 27% used [0x00000000a0000000,0x00000000a16ba9d0,0x00000000a5280000)
 Metaspace       used 57133K, capacity 58904K, committed 59028K, reserved 1099776K
  class space    used 7667K, capacity 8121K, committed 8192K, reserved 1048576K
Event: 9.205 GC heap after
Heap after GC invocations=10 (full 2):
 PSYoungGen      total 345600K, used 20452K [0x00000000e0000000, 0x00000000f7000000, 0x0000000100000000)
  eden space 325120K, 0% used [0x00000000e0000000,0x00000000e0000000,0x00000000f3d80000)
  from space 20480K, 99% used [0x00000000f5500000,0x00000000f68f9000,0x00000000f6900000)
  to   space 24064K, 0% used [0x00000000f3d80000,0x00000000f3d80000,0x00000000f5500000)
 ParOldGen       total 84480K, used 24118K [0x00000000a0000000, 0x00000000a5280000, 0x00000000e0000000)
  object space 84480K, 28% used [0x00000000a0000000,0x00000000a178db20,0x00000000a5280000)
 Metaspace       used 57133K, capacity 58904K, committed 59028K, reserved 1099776K
  class space    used 7667K, capacity 8121K, committed 8192K, reserved 1048576K
}
Event: 9.205 GC heap before
{Heap before GC invocations=11 (full 3):
 PSYoungGen      total 345600K, used 20452K [0x00000000e0000000, 0x00000000f7000000, 0x0000000100000000)
  eden space 325120K, 0% used [0x00000000e0000000,0x00000000e0000000,0x00000000f3d80000)
  from space 20480K, 99% used [0x00000000f5500000,0x00000000f68f9000,0x00000000f6900000)
  to   space 24064K, 0% used [0x00000000f3d80000,0x00000000f3d80000,0x00000000f5500000)
 ParOldGen       total 84480K, used 24118K [0x00000000a0000000, 0x00000000a5280000, 0x00000000e0000000)
  object space 84480K, 28% used [0x00000000a0000000,0x00000000a178db20,0x00000000a5280000)
 Metaspace       used 57133K, capacity 58904K, committed 59028K, reserved 1099776K
  class space    used 7667K, capacity 8121K, committed 8192K, reserved 1048576K
Event: 9.362 GC heap after
Heap after GC invocations=11 (full 3):
 PSYoungGen      total 345600K, used 0K [0x00000000e0000000, 0x00000000f7000000, 0x0000000100000000)
  eden space 325120K, 0% used [0x00000000e0000000,0x00000000e0000000,0x00000000f3d80000)
  from space 20480K, 0% used [0x00000000f5500000,0x00000000f5500000,0x00000000f6900000)
  to   space 24064K, 0% used [0x00000000f3d80000,0x00000000f3d80000,0x00000000f5500000)
 ParOldGen       total 121856K, used 35026K [0x00000000a0000000, 0x00000000a7700000, 0x00000000e0000000)
  object space 121856K, 28% used [0x00000000a0000000,0x00000000a2234a88,0x00000000a7700000)
 Metaspace       used 57110K, capacity 58816K, committed 59028K, reserved 1099776K
  class space    used 7660K, capacity 8113K, committed 8192K, reserved 1048576K
}
Event: 34.446 GC heap before
{Heap before GC invocations=12 (full 3):
 PSYoungGen      total 345600K, used 325120K [0x00000000e0000000, 0x00000000f7000000, 0x0000000100000000)
  eden space 325120K, 100% used [0x00000000e0000000,0x00000000f3d80000,0x00000000f3d80000)
  from space 20480K, 0% used [0x00000000f5500000,0x00000000f5500000,0x00000000f6900000)
  to   space 24064K, 0% used [0x00000000f3d80000,0x00000000f3d80000,0x00000000f5500000)
 ParOldGen       total 121856K, used 35026K [0x00000000a0000000, 0x00000000a7700000, 0x00000000e0000000)
  object space 121856K, 28% used [0x00000000a0000000,0x00000000a2234a88,0x00000000a7700000)
 Metaspace       used 68192K, capacity 71128K, committed 71384K, reserved 1112064K
  class space    used 9018K, capacity 9725K, committed 9728K, reserved 1048576K

